Flow report for memoria
Wed Nov 09 14:53:22 2022
Quartus II 64-Bit Version 13.1.0 Build 162 10/23/2013 SJ Web Edition


---------------------
; Table of Contents ;
---------------------
  1. Legal Notice
  2. Flow Summary
  3. Flow Settings
  4. Flow Non-Default Global Settings
  5. Flow Elapsed Time
  6. Flow OS Summary
  7. Flow Log
  8. Flow Messages
  9. Flow Suppressed Messages



----------------
; Legal Notice ;
----------------
Copyright (C) 1991-2013 Altera Corporation
Your use of Altera Corporation's design tools, logic functions 
and other software and tools, and its AMPP partner logic 
functions, and any output files from any of the foregoing 
(including device programming or simulation files), and any 
associated documentation or information are expressly subject 
to the terms and conditions of the Altera Program License 
Subscription Agreement, Altera MegaCore Function License 
Agreement, or other applicable license agreement, including, 
without limitation, that your use is for the sole purpose of 
programming logic devices manufactured by Altera and sold by 
Altera or its authorized distributors.  Please refer to the 
applicable agreement for further details.



+---------------------------------------------------------------------------------+
; Flow Summary                                                                    ;
+------------------------------------+--------------------------------------------+
; Flow Status                        ; Successful - Wed Nov 09 14:53:22 2022      ;
; Quartus II 64-Bit Version          ; 13.1.0 Build 162 10/23/2013 SJ Web Edition ;
; Revision Name                      ; memoria                                    ;
; Top-level Entity Name              ; memoria                                    ;
; Family                             ; Cyclone III                                ;
; Device                             ; EP3C16F484C6                               ;
; Timing Models                      ; Final                                      ;
; Total logic elements               ; 2,784 / 15,408 ( 18 % )                    ;
;     Total combinational functions  ; 1,701 / 15,408 ( 11 % )                    ;
;     Dedicated logic registers      ; 2,095 / 15,408 ( 14 % )                    ;
; Total registers                    ; 2095                                       ;
; Total pins                         ; 91 / 347 ( 26 % )                          ;
; Total virtual pins                 ; 0                                          ;
; Total memory bits                  ; 0 / 516,096 ( 0 % )                        ;
; Embedded Multiplier 9-bit elements ; 0 / 112 ( 0 % )                            ;
; Total PLLs                         ; 0 / 4 ( 0 % )                              ;
+------------------------------------+--------------------------------------------+


+-----------------------------------------+
; Flow Settings                           ;
+-------------------+---------------------+
; Option            ; Setting             ;
+-------------------+---------------------+
; Start date & time ; 11/09/2022 14:52:40 ;
; Main task         ; Compilation         ;
; Revision Name     ; memoria             ;
+-------------------+---------------------+


+------------------------------------------------------------------------------------------------------------------------------+
; Flow Non-Default Global Settings                                                                                             ;
+-------------------------------------+-----------------------------------------+---------------+-------------+----------------+
; Assignment Name                     ; Value                                   ; Default Value ; Entity Name ; Section Id     ;
+-------------------------------------+-----------------------------------------+---------------+-------------+----------------+
; COMPILER_SIGNATURE_ID               ; 1098881809915.166802356029312           ; --            ; --          ; --             ;
; EDA_GENERATE_FUNCTIONAL_NETLIST     ; On                                      ; --            ; --          ; eda_simulation ;
; EDA_NETLIST_WRITER_OUTPUT_DIR       ; C:/altera/13.1/memoria/simulation/qsim/ ; --            ; --          ; eda_simulation ;
; EDA_OUTPUT_DATA_FORMAT              ; Verilog Hdl                             ; --            ; --          ; eda_simulation ;
; EDA_SIMULATION_TOOL                 ; ModelSim-Altera (Verilog)               ; <None>        ; --          ; --             ;
; MAX_CORE_JUNCTION_TEMP              ; 85                                      ; --            ; --          ; --             ;
; MIN_CORE_JUNCTION_TEMP              ; 0                                       ; --            ; --          ; --             ;
; NOMINAL_CORE_SUPPLY_VOLTAGE         ; 1.2V                                    ; --            ; --          ; --             ;
; PARTITION_COLOR                     ; 16764057                                ; --            ; --          ; Top            ;
; PARTITION_FITTER_PRESERVATION_LEVEL ; PLACEMENT_AND_ROUTING                   ; --            ; --          ; Top            ;
; PARTITION_NETLIST_TYPE              ; SOURCE                                  ; --            ; --          ; Top            ;
; POWER_BOARD_THERMAL_MODEL           ; None (CONSERVATIVE)                     ; --            ; --          ; --             ;
; POWER_PRESET_COOLING_SOLUTION       ; 23 MM HEAT SINK WITH 200 LFPM AIRFLOW   ; --            ; --          ; --             ;
; PROJECT_OUTPUT_DIRECTORY            ; output_files                            ; --            ; --          ; --             ;
+-------------------------------------+-----------------------------------------+---------------+-------------+----------------+


+-------------------------------------------------------------------------------------------------------------------------------+
; Flow Elapsed Time                                                                                                             ;
+---------------------------+--------------+-------------------------+---------------------+------------------------------------+
; Module Name               ; Elapsed Time ; Average Processors Used ; Peak Virtual Memory ; Total CPU Time (on all processors) ;
+---------------------------+--------------+-------------------------+---------------------+------------------------------------+
; Analysis & Synthesis      ; 00:00:07     ; 1.0                     ; 4726 MB             ; 00:00:07                           ;
; Fitter                    ; 00:00:23     ; 2.2                     ; 5743 MB             ; 00:00:34                           ;
; Assembler                 ; 00:00:02     ; 1.0                     ; 4597 MB             ; 00:00:02                           ;
; TimeQuest Timing Analyzer ; 00:00:03     ; 1.0                     ; 4752 MB             ; 00:00:04                           ;
; EDA Netlist Writer        ; 00:00:01     ; 1.0                     ; 4558 MB             ; 00:00:01                           ;
; Total                     ; 00:00:36     ; --                      ; --                  ; 00:00:48                           ;
+---------------------------+--------------+-------------------------+---------------------+------------------------------------+


+----------------------------------------------------------------------------------------+
; Flow OS Summary                                                                        ;
+---------------------------+------------------+-----------+------------+----------------+
; Module Name               ; Machine Hostname ; OS Name   ; OS Version ; Processor type ;
+---------------------------+------------------+-----------+------------+----------------+
; Analysis & Synthesis      ; DESKTOP-5KBRC87  ; Windows 7 ; 6.2        ; x86_64         ;
; Fitter                    ; DESKTOP-5KBRC87  ; Windows 7 ; 6.2        ; x86_64         ;
; Assembler                 ; DESKTOP-5KBRC87  ; Windows 7 ; 6.2        ; x86_64         ;
; TimeQuest Timing Analyzer ; DESKTOP-5KBRC87  ; Windows 7 ; 6.2        ; x86_64         ;
; EDA Netlist Writer        ; DESKTOP-5KBRC87  ; Windows 7 ; 6.2        ; x86_64         ;
+---------------------------+------------------+-----------+------------+----------------+


------------
; Flow Log ;
------------
quartus_map --read_settings_files=on --write_settings_files=off memoria -c memoria
quartus_fit --read_settings_files=off --write_settings_files=off memoria -c memoria
quartus_asm --read_settings_files=off --write_settings_files=off memoria -c memoria
quartus_sta memoria -c memoria
quartus_eda --read_settings_files=off --write_settings_files=off memoria -c memoria



